<?xml version="1.0" encoding="UTF-8"?>
<testng-results skipped="0" failed="0" ignored="0" total="1" passed="1">
  <reporter-output>
  </reporter-output>
  <suite name="Default suite" duration-ms="2488" started-at="2022-02-14T00:39:45 IST" finished-at="2022-02-14T00:39:47 IST">
    <groups>
    </groups>
    <test name="Default test" duration-ms="2488" started-at="2022-02-14T00:39:45 IST" finished-at="2022-02-14T00:39:47 IST">
      <class name="demoGit.DemoGitss">
        <test-method status="PASS" signature="demoGit()[pri:0, instance:demoGit.DemoGitss@7494e528]" name="demoGit" duration-ms="44" started-at="2022-02-14T00:39:46 IST" finished-at="2022-02-14T00:39:46 IST">
          <reporter-output>
          </reporter-output>
        </test-method> <!-- demoGit -->
      </class> <!-- demoGit.DemoGitss -->
    </test> <!-- Default test -->
  </suite> <!-- Default suite -->
</testng-results>
